<?xml version="1.0" encoding="UTF-8"?>
<testng-results ignored="0" total="1" passed="1" failed="0" skipped="0">
  <reporter-output>
  </reporter-output>
  <suite started-at="2024-12-03T18:15:13 IST" name="Default suite" finished-at="2024-12-03T18:15:36 IST" duration-ms="22481">
    <groups>
    </groups>
    <test started-at="2024-12-03T18:15:13 IST" name="Default test" finished-at="2024-12-03T18:15:36 IST" duration-ms="22481">
      <class name="FunctionalityTesting.CreateOrganization">
        <test-method is-config="true" signature="beforeSuite()[pri:0, instance:FunctionalityTesting.CreateOrganization@4b013c76]" started-at="2024-12-03T18:15:13 IST" name="beforeSuite" finished-at="2024-12-03T18:15:13 IST" duration-ms="8" status="PASS">
          <reporter-output>
          </reporter-output>
        </test-method> <!-- beforeSuite -->
        <test-method is-config="true" signature="beforeTest()[pri:0, instance:FunctionalityTesting.CreateOrganization@4b013c76]" started-at="2024-12-03T18:15:13 IST" name="beforeTest" finished-at="2024-12-03T18:15:13 IST" duration-ms="2" status="PASS">
          <reporter-output>
          </reporter-output>
        </test-method> <!-- beforeTest -->
        <test-method is-config="true" signature="preCondition()[pri:0, instance:FunctionalityTesting.CreateOrganization@4b013c76]" started-at="2024-12-03T18:15:13 IST" name="preCondition" finished-at="2024-12-03T18:15:16 IST" duration-ms="2926" status="PASS">
          <reporter-output>
          </reporter-output>
        </test-method> <!-- preCondition -->
        <test-method is-config="true" signature="login()[pri:0, instance:FunctionalityTesting.CreateOrganization@4b013c76]" started-at="2024-12-03T18:15:16 IST" name="login" finished-at="2024-12-03T18:15:19 IST" duration-ms="2555" status="PASS">
          <reporter-output>
          </reporter-output>
        </test-method> <!-- login -->
        <test-method signature="demo()[pri:0, instance:FunctionalityTesting.CreateOrganization@4b013c76]" started-at="2024-12-03T18:15:19 IST" name="demo" finished-at="2024-12-03T18:15:34 IST" duration-ms="14689" status="PASS">
          <reporter-output>
          </reporter-output>
        </test-method> <!-- demo -->
        <test-method is-config="true" signature="logout()[pri:0, instance:FunctionalityTesting.CreateOrganization@4b013c76]" started-at="2024-12-03T18:15:34 IST" name="logout" finished-at="2024-12-03T18:15:35 IST" duration-ms="1798" status="PASS">
          <reporter-output>
          </reporter-output>
        </test-method> <!-- logout -->
        <test-method is-config="true" signature="postCondition()[pri:0, instance:FunctionalityTesting.CreateOrganization@4b013c76]" started-at="2024-12-03T18:15:35 IST" name="postCondition" finished-at="2024-12-03T18:15:36 IST" duration-ms="433" status="PASS">
          <reporter-output>
          </reporter-output>
        </test-method> <!-- postCondition -->
        <test-method is-config="true" signature="afterTest()[pri:0, instance:FunctionalityTesting.CreateOrganization@4b013c76]" started-at="2024-12-03T18:15:36 IST" name="afterTest" finished-at="2024-12-03T18:15:36 IST" duration-ms="1" status="PASS">
          <reporter-output>
          </reporter-output>
        </test-method> <!-- afterTest -->
        <test-method is-config="true" signature="afterSuite()[pri:0, instance:FunctionalityTesting.CreateOrganization@4b013c76]" started-at="2024-12-03T18:15:36 IST" name="afterSuite" finished-at="2024-12-03T18:15:36 IST" duration-ms="1" status="PASS">
          <reporter-output>
          </reporter-output>
        </test-method> <!-- afterSuite -->
      </class> <!-- FunctionalityTesting.CreateOrganization -->
    </test> <!-- Default test -->
  </suite> <!-- Default suite -->
</testng-results>
